<?xml version="1.0" encoding="UTF-8"?>
<!-- Generated by org.testng.reporters.JUnitXMLReporter -->
<testsuite ignored="0" hostname="WKSBAN36ARYTR12" failures="1" tests="2" name="Surefire test" time="22.623" errors="0" timestamp="2026-02-26T16:38:05 IST">
  <testcase classname="io.cucumber.testng.AbstractTestNGCucumberTests" name="runScenario" time="11.474"/>
  <testcase classname="io.cucumber.testng.AbstractTestNGCucumberTests" name="runScenario" time="10.428">
    <failure type="java.lang.AssertionError" message="Expected to contain: [Your password is invalid!!] but actual was: [Your password is invalid!
×] expected [true] but found [false]">
      <![CDATA[java.lang.AssertionError: Expected to contain: [Your password is invalid!!] but actual was: [Your password is invalid!
×] expected [true] but found [false]
at steps.LoginSteps.verify_flash_message(LoginSteps.java:48)
at ✽.I should see a flash message containing "Your password is invalid!!"(file:///C:/Users/shreyas.mv/Mphasis_Feb_Training/heroku-login-jenkins-demo/src/test/resources/features/heroku_login.feature:14)
... Removed 3 stack frames]]>
    </failure>
  </testcase> <!-- runScenario -->
</testsuite> <!-- Surefire test -->
