-------------------------------------------------------------------------------
Test set: runner.TestRunner
-------------------------------------------------------------------------------
Tests run: 2, Failures: 1, Errors: 0, Skipped: 0, Time elapsed: 23.37 s <<< FAILURE! -- in runner.TestRunner
runner.TestRunner.runScenario["Invalid login should FAIL (intentional for rerun demo)", "Heroku Internet App - Login"](2) -- Time elapsed: 10.43 s <<< FAILURE!
java.lang.AssertionError: 
Expected to contain: [Your password is invalid!!] but actual was: [Your password is invalid!
Ã—] expected [true] but found [false]
	at org.testng.Assert.fail(Assert.java:111)
	at org.testng.Assert.failNotEquals(Assert.java:1590)
	at org.testng.Assert.assertTrue(Assert.java:57)
	at steps.LoginSteps.verify_flash_message(LoginSteps.java:48)
	at âœ½.I should see a flash message containing "Your password is invalid!!"(file:///C:/Users/shreyas.mv/Mphasis_Feb_Training/heroku-login-jenkins-demo/src/test/resources/features/heroku_login.feature:14)

