<?xml version="1.0" encoding="UTF-8"?>
<testsuite xmlns:xsi="http://www.w3.org/2001/XMLSchema-instance" xsi:noNamespaceSchemaLocation="https://maven.apache.org/surefire/maven-surefire-plugin/xsd/surefire-test-report.xsd" version="3.0.2" name="runner.TestRunner" time="23.374" tests="2" errors="0" skipped="0" failures="1" flakes="0">
  <properties>
[...]
</properties>
  <testcase name="runScenario[&quot;Valid login should PASS&quot;, &quot;Heroku Internet App - Login&quot;](1)" classname="runner.TestRunner" time="11.476">
    <system-out><![CDATA[
@smoke
Scenario: Valid login should PASS                                                 # src/test/resources/features/heroku_login.feature:5
  ✔ Given I open the Heroku Internet App login page                               # steps.LoginSteps.open_login_page()
  ✔ When I login with username "tomsmith" and password "SuperSecretPassword!"     # steps.LoginSteps.login_with_creds(java.lang.String,java.lang.String)
  ✔ Then I should see a flash message containing "You logged into a secure area!" # steps.LoginSteps.verify_flash_message(java.lang.String)
]]></system-out>
  </testcase>
  <testcase name="runScenario[&quot;Invalid login should FAIL (intentional for rerun demo)&quot;, &quot;Heroku Internet App - Login&quot;](2)" classname="runner.TestRunner" time="10.426">
    <failure message="Expected to contain: [Your password is invalid!!] but actual was: [Your password is invalid!&#10;×] expected [true] but found [false]" type="java.lang.AssertionError"><![CDATA[java.lang.AssertionError: 
Expected to contain: [Your password is invalid!!] but actual was: [Your password is invalid!
×] expected [true] but found [false]
	at org.testng.Assert.fail(Assert.java:111)
	at org.testng.Assert.failNotEquals(Assert.java:1590)
	at org.testng.Assert.assertTrue(Assert.java:57)
	at steps.LoginSteps.verify_flash_message(LoginSteps.java:48)
	at ✽.I should see a flash message containing "Your password is invalid!!"(file:///C:/Users/shreyas.mv/Mphasis_Feb_Training/heroku-login-jenkins-demo/src/test/resources/features/heroku_login.feature:14)
]]></failure>
    <system-out><![CDATA[
@rerun
Scenario: Invalid login should FAIL (intentional for rerun demo)              # src/test/resources/features/heroku_login.feature:11
  ✔ Given I open the Heroku Internet App login page                           # steps.LoginSteps.open_login_page()
  ✔ When I login with username "tomsmith" and password "wrongPassword"        # steps.LoginSteps.login_with_creds(java.lang.String,java.lang.String)
  ✘ Then I should see a flash message containing "Your password is invalid!!" # steps.LoginSteps.verify_flash_message(java.lang.String)
        java.lang.AssertionError: Expected to contain: [Your password is invalid!!] but actual was: [Your password is invalid!
        ×] expected [true] but found [false]
        	at org.testng.Assert.fail(Assert.java:111)
        	at org.testng.Assert.failNotEquals(Assert.java:1590)
        	at org.testng.Assert.assertTrue(Assert.java:57)
        	at steps.LoginSteps.verify_flash_message(LoginSteps.java:48)
        	at ✽.I should see a flash message containing "Your password is invalid!!"(file:///C:/Users/shreyas.mv/Mphasis_Feb_Training/heroku-login-jenkins-demo/src/test/resources/features/heroku_login.feature:14)

        Embedding Failure Screenshot [image/png 50007 bytes]

]]></system-out>
  </testcase>
</testsuite>