<?xml version="1.0" encoding="UTF-8"?>
<testng-results ignored="0" total="2" passed="1" failed="1" skipped="0">
  <reporter-output>
  </reporter-output>
  <suite started-at="2026-02-26T16:37:42 IST" name="Surefire suite" finished-at="2026-02-26T16:38:05 IST" duration-ms="22623">
    <groups>
      <group name="cucumber">
        <method signature="AbstractTestNGCucumberTests.runScenario(io.cucumber.testng.PickleWrapper,io.cucumber.testng.FeatureWrapper)[pri:0, instance:runner.TestRunner@795cd85e]" name="runScenario" class="io.cucumber.testng.AbstractTestNGCucumberTests"/>
      </group> <!-- cucumber -->
    </groups>
    <test started-at="2026-02-26T16:37:42 IST" name="Surefire test" finished-at="2026-02-26T16:38:05 IST" duration-ms="22623">
      <class name="runner.TestRunner">
        <test-method is-config="true" signature="setUpClass(org.testng.ITestContext)[pri:0, instance:runner.TestRunner@795cd85e]" started-at="2026-02-26T16:37:42 IST" name="setUpClass" finished-at="2026-02-26T16:37:43 IST" duration-ms="604" status="PASS">
          <params>
            <param index="0">
              <value>
                <![CDATA[org.testng.TestRunner@60e3c26e]]>
              </value>
            </param>
          </params>
          <reporter-output>
          </reporter-output>
        </test-method> <!-- setUpClass -->
        <test-method signature="runScenario(io.cucumber.testng.PickleWrapper,io.cucumber.testng.FeatureWrapper)[pri:0, instance:runner.TestRunner@795cd85e]" started-at="2026-02-26T16:37:43 IST" name="runScenario" description="Runs Cucumber Scenarios" data-provider="scenarios" finished-at="2026-02-26T16:37:54 IST" duration-ms="11474" status="PASS">
          <params>
            <param index="0">
              <value>
                <![CDATA["Valid login should PASS"]]>
              </value>
            </param>
            <param index="1">
              <value>
                <![CDATA["Heroku Internet App - Login"]]>
              </value>
            </param>
          </params>
          <reporter-output>
          </reporter-output>
        </test-method> <!-- runScenario -->
        <test-method signature="runScenario(io.cucumber.testng.PickleWrapper,io.cucumber.testng.FeatureWrapper)[pri:0, instance:runner.TestRunner@795cd85e]" started-at="2026-02-26T16:37:54 IST" name="runScenario" description="Runs Cucumber Scenarios" data-provider="scenarios" finished-at="2026-02-26T16:38:05 IST" duration-ms="10428" status="FAIL">
          <params>
            <param index="0">
              <value>
                <![CDATA["Invalid login should FAIL (intentional for rerun demo)"]]>
              </value>
            </param>
            <param index="1">
              <value>
                <![CDATA["Heroku Internet App - Login"]]>
              </value>
            </param>
          </params>
          <exception class="java.lang.AssertionError">
            <message>
              <![CDATA[Expected to contain: [Your password is invalid!!] but actual was: [Your password is invalid!
×] expected [true] but found [false]]]>
            </message>
            <full-stacktrace>
              <![CDATA[java.lang.AssertionError: Expected to contain: [Your password is invalid!!] but actual was: [Your password is invalid!
×] expected [true] but found [false]
at org.testng.Assert.fail(Assert.java:111)
at org.testng.Assert.failNotEquals(Assert.java:1590)
at org.testng.Assert.assertTrue(Assert.java:57)
at steps.LoginSteps.verify_flash_message(LoginSteps.java:48)
at ✽.I should see a flash message containing "Your password is invalid!!"(file:///C:/Users/shreyas.mv/Mphasis_Feb_Training/heroku-login-jenkins-demo/src/test/resources/features/heroku_login.feature:14)
]]>
            </full-stacktrace>
          </exception> <!-- java.lang.AssertionError -->
          <reporter-output>
          </reporter-output>
        </test-method> <!-- runScenario -->
        <test-method is-config="true" signature="tearDownClass()[pri:0, instance:runner.TestRunner@795cd85e]" started-at="2026-02-26T16:38:05 IST" name="tearDownClass" finished-at="2026-02-26T16:38:05 IST" duration-ms="67" status="PASS">
          <reporter-output>
          </reporter-output>
        </test-method> <!-- tearDownClass -->
      </class> <!-- runner.TestRunner -->
    </test> <!-- Surefire test -->
  </suite> <!-- Surefire suite -->
</testng-results>
