<?xml version="1.0" encoding="UTF-8"?>
<!-- Generated by org.testng.reporters.JUnitReportReporter -->
<testsuite hostname="WKSBAN36ARYTR12" failures="1" tests="2" name="runner.TestRunner" time="21.902" errors="0" timestamp="2026-02-26T16:38:05 IST" skipped="0">
  <testcase classname="runner.TestRunner" name="runScenario" time="10.428">
    <failure message="Expected to contain: [Your password is invalid!!] but actual was: [Your password is invalid!
×] expected [true] but found [false]" type="java.lang.AssertionError">
      <![CDATA[java.lang.AssertionError: Expected to contain: [Your password is invalid!!] but actual was: [Your password is invalid!
×] expected [true] but found [false]
at org.testng.Assert.fail(Assert.java:111)
at org.testng.Assert.failNotEquals(Assert.java:1590)
at org.testng.Assert.assertTrue(Assert.java:57)
at steps.LoginSteps.verify_flash_message(LoginSteps.java:48)
at ✽.I should see a flash message containing "Your password is invalid!!"(file:///C:/Users/shreyas.mv/Mphasis_Feb_Training/heroku-login-jenkins-demo/src/test/resources/features/heroku_login.feature:14)
]]>
    </failure>
  </testcase> <!-- runScenario -->
  <testcase classname="runner.TestRunner" name="runScenario" time="11.474"/>
</testsuite> <!-- runner.TestRunner -->
